<?xml version="1.0" encoding="UTF-8"?>
<testsuite name="guru.qa.ExampleTest" tests="2" skipped="0" failures="0" errors="0" timestamp="2022-09-12T18:41:30" hostname="LAPTOP-5VJNBG6O" time="0.023">
  <properties/>
  <testcase name="exampleTest1()" classname="guru.qa.ExampleTest" time="0.021"/>
  <testcase name="exampleTest2()" classname="guru.qa.ExampleTest" time="0.001"/>
  <system-out><![CDATA[]]></system-out>
  <system-err><![CDATA[]]></system-err>
</testsuite>
