<?xml version="1.0" encoding="UTF-8"?>
<testsuite name="guru.qa.ExampleTest" tests="1" skipped="0" failures="0" errors="0" timestamp="2022-09-12T18:25:09" hostname="LAPTOP-5VJNBG6O" time="0.017">
  <properties/>
  <testcase name="exampleTest()" classname="guru.qa.ExampleTest" time="0.017"/>
  <system-out><![CDATA[]]></system-out>
  <system-err><![CDATA[]]></system-err>
</testsuite>
